<?xml version="1.0" encoding="UTF-8"?>
<testsuite xmlns:xsi="http://www.w3.org/2001/XMLSchema-instance" xsi:noNamespaceSchemaLocation="https://maven.apache.org/surefire/maven-surefire-plugin/xsd/surefire-test-report.xsd" name="org.velasco.junit5app.ejemplo.models.CuentaTest" time="5.554" tests="61" errors="3" skipped="9" failures="0">
  <properties>
[...]
</properties>
  <testcase name="testDineroInsuficiente" classname="org.velasco.junit5app.ejemplo.models.CuentaTest" time="0.046"/>
  <testcase name="testRelacionBancoCuentas" classname="org.velasco.junit5app.ejemplo.models.CuentaTest" time="0.011"/>
  <testcase name="testDebitoCuentaMethodSource{String}[1]" classname="org.velasco.junit5app.ejemplo.models.CuentaTest" time="0.032"/>
  <testcase name="testDebitoCuentaMethodSource{String}[2]" classname="org.velasco.junit5app.ejemplo.models.CuentaTest" time="0.001"/>
  <testcase name="testDebitoCuentaMethodSource{String}[3]" classname="org.velasco.junit5app.ejemplo.models.CuentaTest" time="0.001"/>
  <testcase name="testDebitoCuentaMethodSource{String}[4]" classname="org.velasco.junit5app.ejemplo.models.CuentaTest" time="0.002"/>
  <testcase name="testDebitoCuentaMethodSource{String}[5]" classname="org.velasco.junit5app.ejemplo.models.CuentaTest" time="0.002"/>
  <testcase name="testDebitoCuentaMethodSource{String}[6]" classname="org.velasco.junit5app.ejemplo.models.CuentaTest" time="0.002"/>
  <testcase name="testCreditoCuenta" classname="org.velasco.junit5app.ejemplo.models.CuentaTest$CuentaOperacionesTest" time="0.001"/>
  <testcase name="testDebitoCuenta" classname="org.velasco.junit5app.ejemplo.models.CuentaTest$CuentaOperacionesTest" time="0.001"/>
  <testcase name="testTransferirDineroCuenta" classname="org.velasco.junit5app.ejemplo.models.CuentaTest$CuentaOperacionesTest" time="0.001"/>
  <testcase name="testSaldoCuenta" classname="org.velasco.junit5app.ejemplo.models.CuentaTest$CuentaTestNombreSaldo" time="0.002"/>
  <testcase name="testReferenciaCuenta" classname="org.velasco.junit5app.ejemplo.models.CuentaTest$CuentaTestNombreSaldo" time="0.001"/>
  <testcase name="testNombreCuenta" classname="org.velasco.junit5app.ejemplo.models.CuentaTest$CuentaTestNombreSaldo" time="0.002"/>
  <testcase name="pruebaTimeout2" classname="org.velasco.junit5app.ejemplo.models.CuentaTest$EjemploTimeoutTest" time="0.917"/>
  <testcase name="testTimeoutAssertions" classname="org.velasco.junit5app.ejemplo.models.CuentaTest$EjemploTimeoutTest" time="4.01"/>
  <testcase name="pruebaTimeout" classname="org.velasco.junit5app.ejemplo.models.CuentaTest$EjemploTimeoutTest" time="0.108"/>
  <testcase name="testSoloJdk8" classname="org.velasco.junit5app.ejemplo.models.CuentaTest$JavaVersionTest" time="0">
    <skipped message="Disabled on JRE version: 17.0.2"/>
  </testcase>
  <testcase name="testSoloJDK15" classname="org.velasco.junit5app.ejemplo.models.CuentaTest$JavaVersionTest" time="0.003"/>
  <testcase name="testNoSoloJDK15" classname="org.velasco.junit5app.ejemplo.models.CuentaTest$JavaVersionTest" time="0">
    <skipped message="Disabled on JRE version: 17.0.2"/>
  </testcase>
  <testcase name="testDebitoCuentaCsvSourse2{String, String, String, String}[1]" classname="org.velasco.junit5app.ejemplo.models.CuentaTest$PruebasParametrizadas" time="0.004"/>
  <testcase name="testDebitoCuentaCsvSourse2{String, String, String, String}[2]" classname="org.velasco.junit5app.ejemplo.models.CuentaTest$PruebasParametrizadas" time="0.004"/>
  <testcase name="testDebitoCuentaCsvSourse2{String, String, String, String}[3]" classname="org.velasco.junit5app.ejemplo.models.CuentaTest$PruebasParametrizadas" time="0.004"/>
  <testcase name="testDebitoCuentaCsvSourse2{String, String, String, String}[4]" classname="org.velasco.junit5app.ejemplo.models.CuentaTest$PruebasParametrizadas" time="0.003"/>
  <testcase name="testDebitoCuentaCsvSourse2{String, String, String, String}[5]" classname="org.velasco.junit5app.ejemplo.models.CuentaTest$PruebasParametrizadas" time="0.007"/>
  <testcase name="testDebitoCuentaCsvSourse2{String, String, String, String}[6]" classname="org.velasco.junit5app.ejemplo.models.CuentaTest$PruebasParametrizadas" time="0.016">
    <error message="Dinero Insuficiente" type="org.velasco.junit5app.ejemplo.exceptions.DineroInsuficienteException">org.velasco.junit5app.ejemplo.exceptions.DineroInsuficienteException: Dinero Insuficiente
	at org.velasco.junit5app.ejemplo.models.CuentaTest$PruebasParametrizadas.testDebitoCuentaCsvSourse2(CuentaTest.java:343)
</error>
    <system-out><![CDATA[Iniciando el metodo.
100.12345 -> 1000.12345
finalizando el metodo de prueba
]]></system-out>
  </testcase>
  <testcase name="testDebitoCuentaCsvSourse{String, String}[1]" classname="org.velasco.junit5app.ejemplo.models.CuentaTest$PruebasParametrizadas" time="0.004"/>
  <testcase name="testDebitoCuentaCsvSourse{String, String}[2]" classname="org.velasco.junit5app.ejemplo.models.CuentaTest$PruebasParametrizadas" time="0.002"/>
  <testcase name="testDebitoCuentaCsvSourse{String, String}[3]" classname="org.velasco.junit5app.ejemplo.models.CuentaTest$PruebasParametrizadas" time="0.003"/>
  <testcase name="testDebitoCuentaCsvSourse{String, String}[4]" classname="org.velasco.junit5app.ejemplo.models.CuentaTest$PruebasParametrizadas" time="0.003"/>
  <testcase name="testDebitoCuentaCsvSourse{String, String}[5]" classname="org.velasco.junit5app.ejemplo.models.CuentaTest$PruebasParametrizadas" time="0.004"/>
  <testcase name="testDebitoCuentaCsvSourse{String, String}[6]" classname="org.velasco.junit5app.ejemplo.models.CuentaTest$PruebasParametrizadas" time="0.004"/>
  <testcase name="testDebitoCuentaCsvFileSource{String}" classname="org.velasco.junit5app.ejemplo.models.CuentaTest$PruebasParametrizadas" time="0.021">
    <error message="Classpath resource [/data.csv] does not exist" type="org.junit.platform.commons.PreconditionViolationException">org.junit.platform.commons.PreconditionViolationException: Classpath resource [/data.csv] does not exist
</error>
  </testcase>
  <testcase name="testDebitoCuentaCsvFileSource2{String, String, String, String}" classname="org.velasco.junit5app.ejemplo.models.CuentaTest$PruebasParametrizadas" time="0.024">
    <error message="Classpath resource [/data2.csv] does not exist" type="org.junit.platform.commons.PreconditionViolationException">org.junit.platform.commons.PreconditionViolationException: Classpath resource [/data2.csv] does not exist
</error>
  </testcase>
  <testcase name="testDebitoCuentaValuesourse{String}[1]" classname="org.velasco.junit5app.ejemplo.models.CuentaTest$PruebasParametrizadas" time="0.002"/>
  <testcase name="testDebitoCuentaValuesourse{String}[2]" classname="org.velasco.junit5app.ejemplo.models.CuentaTest$PruebasParametrizadas" time="0.004"/>
  <testcase name="testDebitoCuentaValuesourse{String}[3]" classname="org.velasco.junit5app.ejemplo.models.CuentaTest$PruebasParametrizadas" time="0.003"/>
  <testcase name="testDebitoCuentaValuesourse{String}[4]" classname="org.velasco.junit5app.ejemplo.models.CuentaTest$PruebasParametrizadas" time="0.001"/>
  <testcase name="testDebitoCuentaValuesourse{String}[5]" classname="org.velasco.junit5app.ejemplo.models.CuentaTest$PruebasParametrizadas" time="0.001"/>
  <testcase name="testDebitoCuentaValuesourse{String}[6]" classname="org.velasco.junit5app.ejemplo.models.CuentaTest$PruebasParametrizadas" time="0.002"/>
  <testcase name="testDebitoCuentaRepetir{RepetitionInfo}[1]" classname="org.velasco.junit5app.ejemplo.models.CuentaTest$PruebasParametrizadas" time="0.002"/>
  <testcase name="testDebitoCuentaRepetir{RepetitionInfo}[2]" classname="org.velasco.junit5app.ejemplo.models.CuentaTest$PruebasParametrizadas" time="0.002"/>
  <testcase name="testDebitoCuentaRepetir{RepetitionInfo}[3]" classname="org.velasco.junit5app.ejemplo.models.CuentaTest$PruebasParametrizadas" time="0.002"/>
  <testcase name="testDebitoCuentaRepetir{RepetitionInfo}[4]" classname="org.velasco.junit5app.ejemplo.models.CuentaTest$PruebasParametrizadas" time="0.003"/>
  <testcase name="testDebitoCuentaRepetir{RepetitionInfo}[5]" classname="org.velasco.junit5app.ejemplo.models.CuentaTest$PruebasParametrizadas" time="0.002"/>
  <testcase name="testNoWindows" classname="org.velasco.junit5app.ejemplo.models.CuentaTest$SistemaOperativo" time="0">
    <skipped message="Disabled on operating system: Windows 11"/>
  </testcase>
  <testcase name="testSoloLinuxMac" classname="org.velasco.junit5app.ejemplo.models.CuentaTest$SistemaOperativo" time="0">
    <skipped message="Disabled on operating system: Windows 11"/>
  </testcase>
  <testcase name="testSoloWindows" classname="org.velasco.junit5app.ejemplo.models.CuentaTest$SistemaOperativo" time="0.002"/>
  <testcase name="ImpirmirSystemProperties" classname="org.velasco.junit5app.ejemplo.models.CuentaTest$systemPropertiesTest" time="0.061"/>
  <testcase name="testDev" classname="org.velasco.junit5app.ejemplo.models.CuentaTest$systemPropertiesTest" time="0">
    <skipped message="System property [ENV] does not exist"/>
  </testcase>
  <testcase name="testNo64" classname="org.velasco.junit5app.ejemplo.models.CuentaTest$systemPropertiesTest" time="0">
    <skipped message="System property [os,arch] does not exist"/>
  </testcase>
  <testcase name="testJavaVersion" classname="org.velasco.junit5app.ejemplo.models.CuentaTest$systemPropertiesTest" time="0.002"/>
  <testcase name="testNombreUser" classname="org.velasco.junit5app.ejemplo.models.CuentaTest$systemPropertiesTest" time="0">
    <skipped message="System property [user.name] with value [Usuario] does not match regular expression [ermen]"/>
  </testcase>
  <testcase name="testSolo64" classname="org.velasco.junit5app.ejemplo.models.CuentaTest$systemPropertiesTest" time="0.001"/>
  <testcase name="testProcesadores" classname="org.velasco.junit5app.ejemplo.models.CuentaTest$variableAnviente" time="0.001"/>
  <testcase name="testEnv" classname="org.velasco.junit5app.ejemplo.models.CuentaTest$variableAnviente" time="0">
    <skipped message="Environment variable [ENVIRONMENT] does not exist"/>
  </testcase>
  <testcase name="testSaldoCuentaDev" classname="org.velasco.junit5app.ejemplo.models.CuentaTest$variableAnviente" time="0">
    <skipped message="Assumption failed: assumption is not true" type="org.opentest4j.TestAbortedException">org.opentest4j.TestAbortedException: Assumption failed: assumption is not true
	at org.velasco.junit5app.ejemplo.models.CuentaTest$variableAnviente.testSaldoCuentaDev(CuentaTest.java:295)
</skipped>
    <system-out><![CDATA[Iniciando el metodo.
finalizando el metodo de prueba
]]></system-out>
  </testcase>
  <testcase name="testEnvProdDisabled" classname="org.velasco.junit5app.ejemplo.models.CuentaTest$variableAnviente" time="0.001"/>
  <testcase name="testJavaHome" classname="org.velasco.junit5app.ejemplo.models.CuentaTest$variableAnviente" time="0.002"/>
  <testcase name="testSaldoCuentaDev2" classname="org.velasco.junit5app.ejemplo.models.CuentaTest$variableAnviente" time="0.002"/>
  <testcase name="imprimirVariablesAmbiente" classname="org.velasco.junit5app.ejemplo.models.CuentaTest$variableAnviente" time="0.05"/>
</testsuite>