<?xml version="1.0" encoding="UTF-8"?>
<testsuite xmlns:xsi="http://www.w3.org/2001/XMLSchema-instance" xsi:noNamespaceSchemaLocation="https://maven.apache.org/surefire/maven-surefire-plugin/xsd/surefire-test-report.xsd" name="org.velasco.junit5app.ejemplo.models.CuentaTest" time="5.554" tests="61" errors="3" skipped="9" failures="0">
  <properties>
    <property name="java.specification.version" value="17"/>
    <property name="sun.cpu.isalist" value="amd64"/>
    <property name="sun.jnu.encoding" value="Cp1252"/>
    <property name="java.class.path" value="C:\Jnit\Junit5_app\target\test-classes;C:\Jnit\Junit5_app\target\classes;C:\Users\Usuario\.m2\repository\org\junit\jupiter\junit-jupiter\5.6.3\junit-jupiter-5.6.3.jar;C:\Users\Usuario\.m2\repository\org\junit\jupiter\junit-jupiter-api\5.6.3\junit-jupiter-api-5.6.3.jar;C:\Users\Usuario\.m2\repository\org\apiguardian\apiguardian-api\1.1.0\apiguardian-api-1.1.0.jar;C:\Users\Usuario\.m2\repository\org\opentest4j\opentest4j\1.2.0\opentest4j-1.2.0.jar;C:\Users\Usuario\.m2\repository\org\junit\platform\junit-platform-commons\1.6.3\junit-platform-commons-1.6.3.jar;C:\Users\Usuario\.m2\repository\org\junit\jupiter\junit-jupiter-params\5.6.3\junit-jupiter-params-5.6.3.jar;C:\Users\Usuario\.m2\repository\org\junit\jupiter\junit-jupiter-engine\5.6.3\junit-jupiter-engine-5.6.3.jar;C:\Users\Usuario\.m2\repository\org\junit\platform\junit-platform-engine\1.6.3\junit-platform-engine-1.6.3.jar;"/>
    <property name="java.vm.vendor" value="Eclipse Adoptium"/>
    <property name="sun.arch.data.model" value="64"/>
    <property name="user.variant" value=""/>
    <property name="java.vendor.url" value="https://adoptium.net/"/>
    <property name="user.timezone" value="America/Mexico_City"/>
    <property name="os.name" value="Windows 11"/>
    <property name="java.vm.specification.version" value="17"/>
    <property name="sun.java.launcher" value="SUN_STANDARD"/>
    <property name="user.country" value="CO"/>
    <property name="sun.boot.library.path" value="C:\Program Files\Eclipse Adoptium\jdk-17.0.2.8-hotspot\bin"/>
    <property name="sun.java.command" value="C:\Users\Usuario\AppData\Local\Temp\surefire16271999890661887932\surefirebooter6812114312748520202.jar C:\Users\Usuario\AppData\Local\Temp\surefire16271999890661887932 2022-07-23T14-28-47_707-jvmRun1 surefire9727181808458997210tmp surefire_013605917258833525987tmp"/>
    <property name="jdk.debug" value="release"/>
    <property name="surefire.test.class.path" value="C:\Jnit\Junit5_app\target\test-classes;C:\Jnit\Junit5_app\target\classes;C:\Users\Usuario\.m2\repository\org\junit\jupiter\junit-jupiter\5.6.3\junit-jupiter-5.6.3.jar;C:\Users\Usuario\.m2\repository\org\junit\jupiter\junit-jupiter-api\5.6.3\junit-jupiter-api-5.6.3.jar;C:\Users\Usuario\.m2\repository\org\apiguardian\apiguardian-api\1.1.0\apiguardian-api-1.1.0.jar;C:\Users\Usuario\.m2\repository\org\opentest4j\opentest4j\1.2.0\opentest4j-1.2.0.jar;C:\Users\Usuario\.m2\repository\org\junit\platform\junit-platform-commons\1.6.3\junit-platform-commons-1.6.3.jar;C:\Users\Usuario\.m2\repository\org\junit\jupiter\junit-jupiter-params\5.6.3\junit-jupiter-params-5.6.3.jar;C:\Users\Usuario\.m2\repository\org\junit\jupiter\junit-jupiter-engine\5.6.3\junit-jupiter-engine-5.6.3.jar;C:\Users\Usuario\.m2\repository\org\junit\platform\junit-platform-engine\1.6.3\junit-platform-engine-1.6.3.jar;"/>
    <property name="sun.cpu.endian" value="little"/>
    <property name="user.home" value="C:\Users\Usuario"/>
    <property name="user.language" value="es"/>
    <property name="java.specification.vendor" value="Oracle Corporation"/>
    <property name="java.version.date" value="2022-01-18"/>
    <property name="java.home" value="C:\Program Files\Eclipse Adoptium\jdk-17.0.2.8-hotspot"/>
    <property name="file.separator" value="\"/>
    <property name="basedir" value="C:\Jnit\Junit5_app"/>
    <property name="java.vm.compressedOopsMode" value="Zero based"/>
    <property name="line.separator" value="&#10;"/>
    <property name="java.vm.specification.vendor" value="Oracle Corporation"/>
    <property name="java.specification.name" value="Java Platform API Specification"/>
    <property name="surefire.real.class.path" value="C:\Users\Usuario\AppData\Local\Temp\surefire16271999890661887932\surefirebooter6812114312748520202.jar"/>
    <property name="user.script" value=""/>
    <property name="sun.management.compiler" value="HotSpot 64-Bit Tiered Compilers"/>
    <property name="java.runtime.version" value="17.0.2+8"/>
    <property name="user.name" value="Usuario"/>
    <property name="path.separator" value=";"/>
    <property name="os.version" value="10.0"/>
    <property name="java.runtime.name" value="OpenJDK Runtime Environment"/>
    <property name="file.encoding" value="Cp1252"/>
    <property name="java.vm.name" value="OpenJDK 64-Bit Server VM"/>
    <property name="java.vendor.version" value="Temurin-17.0.2+8"/>
    <property name="localRepository" value="C:\Users\Usuario\.m2\repository"/>
    <property name="java.vendor.url.bug" value="https://github.com/adoptium/adoptium-support/issues"/>
    <property name="java.io.tmpdir" value="C:\Users\Usuario\AppData\Local\Temp\"/>
    <property name="java.version" value="17.0.2"/>
    <property name="user.dir" value="C:\Jnit\Junit5_app"/>
    <property name="os.arch" value="amd64"/>
    <property name="java.vm.specification.name" value="Java Virtual Machine Specification"/>
    <property name="sun.os.patch.level" value=""/>
    <property name="native.encoding" value="Cp1252"/>
    <property name="java.library.path" value="C:\Program Files\Eclipse Adoptium\jdk-17.0.2.8-hotspot\bin;C:\windows\Sun\Java\bin;C:\windows\system32;C:\windows;C:\Program Files\Common Files\Oracle\Java\javapath;C:\Python310\Scripts\;C:\Python310\;C:\windows\system32;C:\windows;C:\windows\System32\Wbem;C:\windows\System32\WindowsPowerShell\v1.0\;C:\windows\System32\OpenSSH\;C:\Program Files\nodejs\;C:\ProgramData\chocolatey\bin;C:\Program Files\Git\cmd;C:\Program Files\MySQL\MySQL Shell 8.0\bin\;C:\Users\Usuario\AppData\Local\Microsoft\WindowsApps;C:\Users\Usuario\AppData\Local\Programs\Microsoft VS Code\bin;C:\Users\Usuario\AppData\Roaming\npm;C:\Program Files\mavendowload\apache-maven-3.8.6\bin;;."/>
    <property name="java.vm.info" value="mixed mode, sharing"/>
    <property name="java.vendor" value="Eclipse Adoptium"/>
    <property name="java.vm.version" value="17.0.2+8"/>
    <property name="sun.io.unicode.encoding" value="UnicodeLittle"/>
    <property name="java.class.version" value="61.0"/>
  </properties>
  <testcase name="testDineroInsuficiente" classname="org.velasco.junit5app.ejemplo.models.CuentaTest" time="0.046"/>
  <testcase name="testRelacionBancoCuentas" classname="org.velasco.junit5app.ejemplo.models.CuentaTest" time="0.011"/>
  <testcase name="testDebitoCuentaMethodSource{String}[1]" classname="org.velasco.junit5app.ejemplo.models.CuentaTest" time="0.032"/>
  <testcase name="testDebitoCuentaMethodSource{String}[2]" classname="org.velasco.junit5app.ejemplo.models.CuentaTest" time="0.001"/>
  <testcase name="testDebitoCuentaMethodSource{String}[3]" classname="org.velasco.junit5app.ejemplo.models.CuentaTest" time="0.001"/>
  <testcase name="testDebitoCuentaMethodSource{String}[4]" classname="org.velasco.junit5app.ejemplo.models.CuentaTest" time="0.002"/>
  <testcase name="testDebitoCuentaMethodSource{String}[5]" classname="org.velasco.junit5app.ejemplo.models.CuentaTest" time="0.002"/>
  <testcase name="testDebitoCuentaMethodSource{String}[6]" classname="org.velasco.junit5app.ejemplo.models.CuentaTest" time="0.002"/>
  <testcase name="testCreditoCuenta" classname="org.velasco.junit5app.ejemplo.models.CuentaTest$CuentaOperacionesTest" time="0.001"/>
  <testcase name="testDebitoCuenta" classname="org.velasco.junit5app.ejemplo.models.CuentaTest$CuentaOperacionesTest" time="0.001"/>
  <testcase name="testTransferirDineroCuenta" classname="org.velasco.junit5app.ejemplo.models.CuentaTest$CuentaOperacionesTest" time="0.001"/>
  <testcase name="testSaldoCuenta" classname="org.velasco.junit5app.ejemplo.models.CuentaTest$CuentaTestNombreSaldo" time="0.002"/>
  <testcase name="testReferenciaCuenta" classname="org.velasco.junit5app.ejemplo.models.CuentaTest$CuentaTestNombreSaldo" time="0.001"/>
  <testcase name="testNombreCuenta" classname="org.velasco.junit5app.ejemplo.models.CuentaTest$CuentaTestNombreSaldo" time="0.002"/>
  <testcase name="pruebaTimeout2" classname="org.velasco.junit5app.ejemplo.models.CuentaTest$EjemploTimeoutTest" time="0.917"/>
  <testcase name="testTimeoutAssertions" classname="org.velasco.junit5app.ejemplo.models.CuentaTest$EjemploTimeoutTest" time="4.01"/>
  <testcase name="pruebaTimeout" classname="org.velasco.junit5app.ejemplo.models.CuentaTest$EjemploTimeoutTest" time="0.108"/>
  <testcase name="testSoloJdk8" classname="org.velasco.junit5app.ejemplo.models.CuentaTest$JavaVersionTest" time="0">
    <skipped message="Disabled on JRE version: 17.0.2"/>
  </testcase>
  <testcase name="testSoloJDK15" classname="org.velasco.junit5app.ejemplo.models.CuentaTest$JavaVersionTest" time="0.003"/>
  <testcase name="testNoSoloJDK15" classname="org.velasco.junit5app.ejemplo.models.CuentaTest$JavaVersionTest" time="0">
    <skipped message="Disabled on JRE version: 17.0.2"/>
  </testcase>
  <testcase name="testDebitoCuentaCsvSourse2{String, String, String, String}[1]" classname="org.velasco.junit5app.ejemplo.models.CuentaTest$PruebasParametrizadas" time="0.004"/>
  <testcase name="testDebitoCuentaCsvSourse2{String, String, String, String}[2]" classname="org.velasco.junit5app.ejemplo.models.CuentaTest$PruebasParametrizadas" time="0.004"/>
  <testcase name="testDebitoCuentaCsvSourse2{String, String, String, String}[3]" classname="org.velasco.junit5app.ejemplo.models.CuentaTest$PruebasParametrizadas" time="0.004"/>
  <testcase name="testDebitoCuentaCsvSourse2{String, String, String, String}[4]" classname="org.velasco.junit5app.ejemplo.models.CuentaTest$PruebasParametrizadas" time="0.003"/>
  <testcase name="testDebitoCuentaCsvSourse2{String, String, String, String}[5]" classname="org.velasco.junit5app.ejemplo.models.CuentaTest$PruebasParametrizadas" time="0.007"/>
  <testcase name="testDebitoCuentaCsvSourse2{String, String, String, String}[6]" classname="org.velasco.junit5app.ejemplo.models.CuentaTest$PruebasParametrizadas" time="0.016">
    <error message="Dinero Insuficiente" type="org.velasco.junit5app.ejemplo.exceptions.DineroInsuficienteException">org.velasco.junit5app.ejemplo.exceptions.DineroInsuficienteException: Dinero Insuficiente
	at org.velasco.junit5app.ejemplo.models.CuentaTest$PruebasParametrizadas.testDebitoCuentaCsvSourse2(CuentaTest.java:343)
</error>
    <system-out><![CDATA[Iniciando el metodo.
100.12345 -> 1000.12345
finalizando el metodo de prueba
]]></system-out>
  </testcase>
  <testcase name="testDebitoCuentaCsvSourse{String, String}[1]" classname="org.velasco.junit5app.ejemplo.models.CuentaTest$PruebasParametrizadas" time="0.004"/>
  <testcase name="testDebitoCuentaCsvSourse{String, String}[2]" classname="org.velasco.junit5app.ejemplo.models.CuentaTest$PruebasParametrizadas" time="0.002"/>
  <testcase name="testDebitoCuentaCsvSourse{String, String}[3]" classname="org.velasco.junit5app.ejemplo.models.CuentaTest$PruebasParametrizadas" time="0.003"/>
  <testcase name="testDebitoCuentaCsvSourse{String, String}[4]" classname="org.velasco.junit5app.ejemplo.models.CuentaTest$PruebasParametrizadas" time="0.003"/>
  <testcase name="testDebitoCuentaCsvSourse{String, String}[5]" classname="org.velasco.junit5app.ejemplo.models.CuentaTest$PruebasParametrizadas" time="0.004"/>
  <testcase name="testDebitoCuentaCsvSourse{String, String}[6]" classname="org.velasco.junit5app.ejemplo.models.CuentaTest$PruebasParametrizadas" time="0.004"/>
  <testcase name="testDebitoCuentaCsvFileSource{String}" classname="org.velasco.junit5app.ejemplo.models.CuentaTest$PruebasParametrizadas" time="0.021">
    <error message="Classpath resource [/data.csv] does not exist" type="org.junit.platform.commons.PreconditionViolationException">org.junit.platform.commons.PreconditionViolationException: Classpath resource [/data.csv] does not exist
</error>
  </testcase>
  <testcase name="testDebitoCuentaCsvFileSource2{String, String, String, String}" classname="org.velasco.junit5app.ejemplo.models.CuentaTest$PruebasParametrizadas" time="0.024">
    <error message="Classpath resource [/data2.csv] does not exist" type="org.junit.platform.commons.PreconditionViolationException">org.junit.platform.commons.PreconditionViolationException: Classpath resource [/data2.csv] does not exist
</error>
  </testcase>
  <testcase name="testDebitoCuentaValuesourse{String}[1]" classname="org.velasco.junit5app.ejemplo.models.CuentaTest$PruebasParametrizadas" time="0.002"/>
  <testcase name="testDebitoCuentaValuesourse{String}[2]" classname="org.velasco.junit5app.ejemplo.models.CuentaTest$PruebasParametrizadas" time="0.004"/>
  <testcase name="testDebitoCuentaValuesourse{String}[3]" classname="org.velasco.junit5app.ejemplo.models.CuentaTest$PruebasParametrizadas" time="0.003"/>
  <testcase name="testDebitoCuentaValuesourse{String}[4]" classname="org.velasco.junit5app.ejemplo.models.CuentaTest$PruebasParametrizadas" time="0.001"/>
  <testcase name="testDebitoCuentaValuesourse{String}[5]" classname="org.velasco.junit5app.ejemplo.models.CuentaTest$PruebasParametrizadas" time="0.001"/>
  <testcase name="testDebitoCuentaValuesourse{String}[6]" classname="org.velasco.junit5app.ejemplo.models.CuentaTest$PruebasParametrizadas" time="0.002"/>
  <testcase name="testDebitoCuentaRepetir{RepetitionInfo}[1]" classname="org.velasco.junit5app.ejemplo.models.CuentaTest$PruebasParametrizadas" time="0.002"/>
  <testcase name="testDebitoCuentaRepetir{RepetitionInfo}[2]" classname="org.velasco.junit5app.ejemplo.models.CuentaTest$PruebasParametrizadas" time="0.002"/>
  <testcase name="testDebitoCuentaRepetir{RepetitionInfo}[3]" classname="org.velasco.junit5app.ejemplo.models.CuentaTest$PruebasParametrizadas" time="0.002"/>
  <testcase name="testDebitoCuentaRepetir{RepetitionInfo}[4]" classname="org.velasco.junit5app.ejemplo.models.CuentaTest$PruebasParametrizadas" time="0.003"/>
  <testcase name="testDebitoCuentaRepetir{RepetitionInfo}[5]" classname="org.velasco.junit5app.ejemplo.models.CuentaTest$PruebasParametrizadas" time="0.002"/>
  <testcase name="testNoWindows" classname="org.velasco.junit5app.ejemplo.models.CuentaTest$SistemaOperativo" time="0">
    <skipped message="Disabled on operating system: Windows 11"/>
  </testcase>
  <testcase name="testSoloLinuxMac" classname="org.velasco.junit5app.ejemplo.models.CuentaTest$SistemaOperativo" time="0">
    <skipped message="Disabled on operating system: Windows 11"/>
  </testcase>
  <testcase name="testSoloWindows" classname="org.velasco.junit5app.ejemplo.models.CuentaTest$SistemaOperativo" time="0.002"/>
  <testcase name="ImpirmirSystemProperties" classname="org.velasco.junit5app.ejemplo.models.CuentaTest$systemPropertiesTest" time="0.061"/>
  <testcase name="testDev" classname="org.velasco.junit5app.ejemplo.models.CuentaTest$systemPropertiesTest" time="0">
    <skipped message="System property [ENV] does not exist"/>
  </testcase>
  <testcase name="testNo64" classname="org.velasco.junit5app.ejemplo.models.CuentaTest$systemPropertiesTest" time="0">
    <skipped message="System property [os,arch] does not exist"/>
  </testcase>
  <testcase name="testJavaVersion" classname="org.velasco.junit5app.ejemplo.models.CuentaTest$systemPropertiesTest" time="0.002"/>
  <testcase name="testNombreUser" classname="org.velasco.junit5app.ejemplo.models.CuentaTest$systemPropertiesTest" time="0">
    <skipped message="System property [user.name] with value [Usuario] does not match regular expression [ermen]"/>
  </testcase>
  <testcase name="testSolo64" classname="org.velasco.junit5app.ejemplo.models.CuentaTest$systemPropertiesTest" time="0.001"/>
  <testcase name="testProcesadores" classname="org.velasco.junit5app.ejemplo.models.CuentaTest$variableAnviente" time="0.001"/>
  <testcase name="testEnv" classname="org.velasco.junit5app.ejemplo.models.CuentaTest$variableAnviente" time="0">
    <skipped message="Environment variable [ENVIRONMENT] does not exist"/>
  </testcase>
  <testcase name="testSaldoCuentaDev" classname="org.velasco.junit5app.ejemplo.models.CuentaTest$variableAnviente" time="0">
    <skipped message="Assumption failed: assumption is not true" type="org.opentest4j.TestAbortedException">org.opentest4j.TestAbortedException: Assumption failed: assumption is not true
	at org.velasco.junit5app.ejemplo.models.CuentaTest$variableAnviente.testSaldoCuentaDev(CuentaTest.java:295)
</skipped>
    <system-out><![CDATA[Iniciando el metodo.
finalizando el metodo de prueba
]]></system-out>
  </testcase>
  <testcase name="testEnvProdDisabled" classname="org.velasco.junit5app.ejemplo.models.CuentaTest$variableAnviente" time="0.001"/>
  <testcase name="testJavaHome" classname="org.velasco.junit5app.ejemplo.models.CuentaTest$variableAnviente" time="0.002"/>
  <testcase name="testSaldoCuentaDev2" classname="org.velasco.junit5app.ejemplo.models.CuentaTest$variableAnviente" time="0.002"/>
  <testcase name="imprimirVariablesAmbiente" classname="org.velasco.junit5app.ejemplo.models.CuentaTest$variableAnviente" time="0.05"/>
</testsuite>